<?xml version="1.0" encoding="UTF-8"?>
<coverage generated="1626057676970" clover="3.2.0">
  <project timestamp="1626057676971" name="All files">
    <metrics statements="277" coveredstatements="277" conditionals="30" coveredconditionals="29" methods="12" coveredmethods="12" elements="319" coveredelements="318" complexity="0" loc="277" ncloc="277" packages="3" files="3" classes="3"/>
    <package name="myob">
      <metrics statements="67" coveredstatements="67" conditionals="6" coveredconditionals="5" methods="3" coveredmethods="3"/>
      <file name="myob.ts" path="/Users/angeloperera/git/myob/myob.ts">
        <metrics statements="67" coveredstatements="67" conditionals="6" coveredconditionals="5" methods="3" coveredmethods="3"/>
        <line num="1" count="1" type="stmt"/>
        <line num="2" count="1" type="stmt"/>
        <line num="3" count="1" type="stmt"/>
        <line num="4" count="1" type="stmt"/>
        <line num="5" count="1" type="stmt"/>
        <line num="6" count="1" type="stmt"/>
        <line num="7" count="1" type="stmt"/>
        <line num="8" count="1" type="stmt"/>
        <line num="9" count="1" type="stmt"/>
        <line num="10" count="1" type="stmt"/>
        <line num="11" count="1" type="stmt"/>
        <line num="12" count="1" type="stmt"/>
        <line num="13" count="1" type="stmt"/>
        <line num="14" count="1" type="stmt"/>
        <line num="15" count="1" type="stmt"/>
        <line num="16" count="1" type="stmt"/>
        <line num="17" count="1" type="stmt"/>
        <line num="18" count="1" type="stmt"/>
        <line num="19" count="1" type="stmt"/>
        <line num="20" count="1" type="cond" truecount="1" falsecount="0"/>
        <line num="21" count="10021" type="stmt"/>
        <line num="22" count="10021" type="stmt"/>
        <line num="23" count="10021" type="stmt"/>
        <line num="24" count="10021" type="stmt"/>
        <line num="25" count="10021" type="stmt"/>
        <line num="26" count="10021" type="stmt"/>
        <line num="27" count="10021" type="stmt"/>
        <line num="28" count="10021" type="stmt"/>
        <line num="29" count="10021" type="stmt"/>
        <line num="30" count="10021" type="stmt"/>
        <line num="31" count="10021" type="stmt"/>
        <line num="32" count="10021" type="stmt"/>
        <line num="33" count="10021" type="stmt"/>
        <line num="34" count="10021" type="stmt"/>
        <line num="35" count="10021" type="stmt"/>
        <line num="36" count="10021" type="stmt"/>
        <line num="37" count="10021" type="stmt"/>
        <line num="38" count="10021" type="stmt"/>
        <line num="39" count="10021" type="stmt"/>
        <line num="40" count="10021" type="stmt"/>
        <line num="41" count="10021" type="stmt"/>
        <line num="42" count="10021" type="stmt"/>
        <line num="43" count="10021" type="stmt"/>
        <line num="44" count="1" type="stmt"/>
        <line num="45" count="1" type="cond" truecount="1" falsecount="0"/>
        <line num="46" count="1" type="stmt"/>
        <line num="47" count="1" type="stmt"/>
        <line num="48" count="1" type="stmt"/>
        <line num="49" count="1" type="stmt"/>
        <line num="50" count="1" type="stmt"/>
        <line num="51" count="1" type="stmt"/>
        <line num="52" count="1" type="cond" truecount="1" falsecount="0"/>
        <line num="53" count="2" type="stmt"/>
        <line num="54" count="2" type="stmt"/>
        <line num="55" count="2" type="stmt"/>
        <line num="56" count="2" type="cond" truecount="1" falsecount="0"/>
        <line num="57" count="2" type="cond" truecount="1" falsecount="0"/>
        <line num="58" count="1" type="stmt"/>
        <line num="59" count="1" type="stmt"/>
        <line num="60" count="2" type="stmt"/>
        <line num="61" count="2" type="stmt"/>
        <line num="62" count="2" type="stmt"/>
        <line num="63" count="2" type="stmt"/>
        <line num="64" count="2" type="stmt"/>
        <line num="65" count="1" type="stmt"/>
        <line num="66" count="1" type="stmt"/>
        <line num="67" count="1" type="cond" truecount="0" falsecount="1"/>
      </file>
    </package>
    <package name="myob.tax_calculators">
      <metrics statements="107" coveredstatements="107" conditionals="9" coveredconditionals="9" methods="6" coveredmethods="6"/>
      <file name="helpers.ts" path="/Users/angeloperera/git/myob/tax_calculators/helpers.ts">
        <metrics statements="107" coveredstatements="107" conditionals="9" coveredconditionals="9" methods="6" coveredmethods="6"/>
        <line num="1" count="1" type="stmt"/>
        <line num="2" count="1" type="stmt"/>
        <line num="3" count="1" type="stmt"/>
        <line num="4" count="1" type="stmt"/>
        <line num="5" count="1" type="stmt"/>
        <line num="6" count="1" type="stmt"/>
        <line num="7" count="1" type="stmt"/>
        <line num="8" count="1" type="stmt"/>
        <line num="9" count="1" type="stmt"/>
        <line num="10" count="1" type="stmt"/>
        <line num="11" count="1" type="stmt"/>
        <line num="12" count="1" type="stmt"/>
        <line num="13" count="1" type="stmt"/>
        <line num="14" count="1" type="stmt"/>
        <line num="15" count="1" type="stmt"/>
        <line num="16" count="1" type="stmt"/>
        <line num="17" count="1" type="stmt"/>
        <line num="18" count="1" type="stmt"/>
        <line num="19" count="1" type="stmt"/>
        <line num="20" count="1" type="stmt"/>
        <line num="21" count="1" type="stmt"/>
        <line num="22" count="1" type="stmt"/>
        <line num="23" count="1" type="stmt"/>
        <line num="24" count="1" type="stmt"/>
        <line num="25" count="1" type="stmt"/>
        <line num="26" count="1" type="stmt"/>
        <line num="27" count="1" type="stmt"/>
        <line num="28" count="1" type="cond" truecount="1" falsecount="0"/>
        <line num="29" count="2" type="stmt"/>
        <line num="30" count="2" type="stmt"/>
        <line num="31" count="2" type="stmt"/>
        <line num="32" count="2" type="stmt"/>
        <line num="33" count="2" type="stmt"/>
        <line num="34" count="2" type="stmt"/>
        <line num="35" count="1" type="stmt"/>
        <line num="36" count="1" type="stmt"/>
        <line num="37" count="1" type="stmt"/>
        <line num="38" count="1" type="stmt"/>
        <line num="39" count="1" type="stmt"/>
        <line num="40" count="1" type="cond" truecount="1" falsecount="0"/>
        <line num="41" count="46843" type="stmt"/>
        <line num="42" count="46843" type="stmt"/>
        <line num="43" count="46843" type="stmt"/>
        <line num="44" count="46843" type="stmt"/>
        <line num="45" count="46843" type="stmt"/>
        <line num="46" count="46843" type="stmt"/>
        <line num="47" count="46843" type="stmt"/>
        <line num="48" count="46843" type="stmt"/>
        <line num="49" count="1" type="stmt"/>
        <line num="50" count="1" type="stmt"/>
        <line num="51" count="1" type="stmt"/>
        <line num="52" count="1" type="stmt"/>
        <line num="53" count="1" type="stmt"/>
        <line num="54" count="1" type="stmt"/>
        <line num="55" count="1" type="cond" truecount="1" falsecount="0"/>
        <line num="56" count="3262" type="stmt"/>
        <line num="57" count="3262" type="stmt"/>
        <line num="58" count="3262" type="stmt"/>
        <line num="59" count="1" type="stmt"/>
        <line num="60" count="1" type="stmt"/>
        <line num="61" count="1" type="stmt"/>
        <line num="62" count="1" type="stmt"/>
        <line num="63" count="1" type="stmt"/>
        <line num="64" count="1" type="stmt"/>
        <line num="65" count="1" type="stmt"/>
        <line num="66" count="1" type="stmt"/>
        <line num="67" count="1" type="cond" truecount="1" falsecount="0"/>
        <line num="68" count="20043" type="stmt"/>
        <line num="69" count="20043" type="stmt"/>
        <line num="70" count="20043" type="stmt"/>
        <line num="71" count="20043" type="stmt"/>
        <line num="72" count="20043" type="stmt"/>
        <line num="73" count="20043" type="stmt"/>
        <line num="74" count="1" type="stmt"/>
        <line num="75" count="1" type="stmt"/>
        <line num="76" count="1" type="stmt"/>
        <line num="77" count="1" type="cond" truecount="1" falsecount="0"/>
        <line num="78" count="4" type="stmt"/>
        <line num="79" count="4" type="stmt"/>
        <line num="80" count="4" type="stmt"/>
        <line num="81" count="4" type="cond" truecount="2" falsecount="0"/>
        <line num="82" count="4" type="stmt"/>
        <line num="83" count="4" type="stmt"/>
        <line num="84" count="4" type="stmt"/>
        <line num="85" count="1" type="stmt"/>
        <line num="86" count="1" type="stmt"/>
        <line num="87" count="1" type="stmt"/>
        <line num="88" count="1" type="cond" truecount="1" falsecount="0"/>
        <line num="89" count="3" type="stmt"/>
        <line num="90" count="3" type="stmt"/>
        <line num="91" count="3" type="stmt"/>
        <line num="92" count="3" type="stmt"/>
        <line num="93" count="3" type="stmt"/>
        <line num="94" count="3" type="stmt"/>
        <line num="95" count="3" type="stmt"/>
        <line num="96" count="3" type="stmt"/>
        <line num="97" count="3" type="stmt"/>
        <line num="98" count="3" type="stmt"/>
        <line num="99" count="3" type="stmt"/>
        <line num="100" count="3" type="stmt"/>
        <line num="101" count="3" type="stmt"/>
        <line num="102" count="3" type="cond" truecount="1" falsecount="0"/>
        <line num="103" count="1" type="stmt"/>
        <line num="104" count="1" type="stmt"/>
        <line num="105" count="1" type="stmt"/>
        <line num="106" count="1" type="stmt"/>
        <line num="107" count="3" type="stmt"/>
      </file>
    </package>
    <package name="myob.tax_calculators.au.2020_2021">
      <metrics statements="103" coveredstatements="103" conditionals="15" coveredconditionals="15" methods="3" coveredmethods="3"/>
      <file name="index.ts" path="/Users/angeloperera/git/myob/tax_calculators/au/2020_2021/index.ts">
        <metrics statements="103" coveredstatements="103" conditionals="15" coveredconditionals="15" methods="3" coveredmethods="3"/>
        <line num="1" count="1" type="stmt"/>
        <line num="2" count="1" type="stmt"/>
        <line num="3" count="1" type="stmt"/>
        <line num="4" count="1" type="stmt"/>
        <line num="5" count="1" type="stmt"/>
        <line num="6" count="1" type="stmt"/>
        <line num="7" count="1" type="stmt"/>
        <line num="8" count="1" type="stmt"/>
        <line num="9" count="1" type="stmt"/>
        <line num="10" count="1" type="cond" truecount="1" falsecount="0"/>
        <line num="11" count="2" type="stmt"/>
        <line num="12" count="2" type="stmt"/>
        <line num="13" count="2" type="stmt"/>
        <line num="14" count="2" type="stmt"/>
        <line num="15" count="2" type="stmt"/>
        <line num="16" count="2" type="stmt"/>
        <line num="17" count="2" type="stmt"/>
        <line num="18" count="2" type="stmt"/>
        <line num="19" count="2" type="cond" truecount="1" falsecount="0"/>
        <line num="20" count="50110" type="stmt"/>
        <line num="21" count="50110" type="stmt"/>
        <line num="22" count="50110" type="stmt"/>
        <line num="23" count="50110" type="cond" truecount="1" falsecount="0"/>
        <line num="24" count="5" type="stmt"/>
        <line num="25" count="5" type="stmt"/>
        <line num="26" count="5" type="stmt"/>
        <line num="27" count="5" type="stmt"/>
        <line num="28" count="5" type="stmt"/>
        <line num="29" count="50105" type="cond" truecount="1" falsecount="0"/>
        <line num="30" count="50105" type="stmt"/>
        <line num="31" count="50105" type="stmt"/>
        <line num="32" count="50105" type="stmt"/>
        <line num="33" count="50105" type="stmt"/>
        <line num="34" count="50105" type="stmt"/>
        <line num="35" count="50105" type="stmt"/>
        <line num="36" count="50105" type="stmt"/>
        <line num="37" count="50105" type="stmt"/>
        <line num="38" count="50105" type="stmt"/>
        <line num="39" count="50105" type="stmt"/>
        <line num="40" count="50105" type="stmt"/>
        <line num="41" count="50105" type="stmt"/>
        <line num="42" count="50105" type="stmt"/>
        <line num="43" count="50105" type="cond" truecount="1" falsecount="0"/>
        <line num="44" count="3262" type="stmt"/>
        <line num="45" count="3262" type="stmt"/>
        <line num="46" count="3262" type="stmt"/>
        <line num="47" count="3262" type="stmt"/>
        <line num="48" count="50105" type="cond" truecount="1" falsecount="0"/>
        <line num="49" count="46843" type="stmt"/>
        <line num="50" count="46843" type="cond" truecount="1" falsecount="0"/>
        <line num="51" count="46029" type="stmt"/>
        <line num="52" count="46843" type="cond" truecount="1" falsecount="0"/>
        <line num="53" count="814" type="stmt"/>
        <line num="54" count="814" type="stmt"/>
        <line num="55" count="46843" type="stmt"/>
        <line num="56" count="46843" type="stmt"/>
        <line num="57" count="46843" type="stmt"/>
        <line num="58" count="46843" type="stmt"/>
        <line num="59" count="46843" type="stmt"/>
        <line num="60" count="46843" type="stmt"/>
        <line num="61" count="46843" type="stmt"/>
        <line num="62" count="46843" type="stmt"/>
        <line num="63" count="46843" type="stmt"/>
        <line num="64" count="46843" type="stmt"/>
        <line num="65" count="46843" type="stmt"/>
        <line num="66" count="50110" type="stmt"/>
        <line num="67" count="2" type="stmt"/>
        <line num="68" count="2" type="cond" truecount="1" falsecount="0"/>
        <line num="69" count="10022" type="cond" truecount="1" falsecount="0"/>
        <line num="70" count="10022" type="stmt"/>
        <line num="71" count="10022" type="stmt"/>
        <line num="72" count="10022" type="stmt"/>
        <line num="73" count="10022" type="cond" truecount="1" falsecount="0"/>
        <line num="74" count="50106" type="stmt"/>
        <line num="75" count="50106" type="cond" truecount="1" falsecount="0"/>
        <line num="76" count="50106" type="stmt"/>
        <line num="77" count="50106" type="stmt"/>
        <line num="78" count="50106" type="cond" truecount="1" falsecount="0"/>
        <line num="79" count="50106" type="stmt"/>
        <line num="80" count="50106" type="stmt"/>
        <line num="81" count="50106" type="cond" truecount="1" falsecount="0"/>
        <line num="82" count="50106" type="stmt"/>
        <line num="83" count="50106" type="stmt"/>
        <line num="84" count="50106" type="stmt"/>
        <line num="85" count="50106" type="stmt"/>
        <line num="86" count="50106" type="stmt"/>
        <line num="87" count="10022" type="stmt"/>
        <line num="88" count="10022" type="stmt"/>
        <line num="89" count="10022" type="cond" truecount="1" falsecount="0"/>
        <line num="90" count="50105" type="stmt"/>
        <line num="91" count="50105" type="stmt"/>
        <line num="92" count="10022" type="stmt"/>
        <line num="93" count="10022" type="stmt"/>
        <line num="94" count="10022" type="stmt"/>
        <line num="95" count="10022" type="stmt"/>
        <line num="96" count="10022" type="stmt"/>
        <line num="97" count="2" type="stmt"/>
        <line num="98" count="2" type="stmt"/>
        <line num="99" count="2" type="stmt"/>
        <line num="100" count="2" type="stmt"/>
        <line num="101" count="2" type="stmt"/>
        <line num="102" count="2" type="stmt"/>
        <line num="103" count="2" type="stmt"/>
      </file>
    </package>
  </project>
</coverage>
