TN:
SF:myob.js
FN:10,paySlipForEmployee
FNF:1
FNH:1
FNDA:10020,paySlipForEmployee
DA:1,1
DA:2,1
DA:3,1
DA:4,1
DA:5,1
DA:6,1
DA:7,1
DA:8,1
DA:9,1
DA:10,1
DA:11,10020
DA:12,10020
DA:13,10020
DA:14,10020
DA:15,10020
DA:16,10020
DA:17,10020
DA:18,10020
DA:19,10020
DA:20,10020
DA:21,10020
DA:22,10020
DA:23,10020
DA:24,10020
DA:25,10020
DA:26,10020
DA:27,10020
DA:28,1
DA:29,1
DA:30,1
DA:31,1
DA:32,1
DA:33,1
DA:34,1
DA:35,1
DA:36,1
DA:37,1
DA:38,1
DA:39,1
DA:40,1
LF:40
LH:40
BRDA:10,0,0,10020
BRF:1
BRH:1
end_of_record
TN:
SF:tax_calculators/helpers.ts
FN:27,TAX_BRACKET_APPLIES
FN:39,TAX_BRACKET_DOES_NOT_APPLY
FN:51,annual_amnt_to_monthly_amnt
FNF:3
FNH:3
FNDA:46840,TAX_BRACKET_APPLIES
FNDA:3260,TAX_BRACKET_DOES_NOT_APPLY
FNDA:20041,annual_amnt_to_monthly_amnt
DA:1,1
DA:2,1
DA:3,1
DA:4,1
DA:5,1
DA:6,1
DA:7,1
DA:8,1
DA:9,1
DA:10,1
DA:11,1
DA:12,1
DA:13,1
DA:14,1
DA:15,1
DA:16,1
DA:17,1
DA:18,1
DA:19,1
DA:20,1
DA:21,1
DA:22,1
DA:23,1
DA:24,1
DA:25,1
DA:26,1
DA:27,1
DA:28,46840
DA:29,46840
DA:30,46840
DA:31,46840
DA:32,1
DA:33,1
DA:34,1
DA:35,1
DA:36,1
DA:37,1
DA:38,1
DA:39,1
DA:40,1
DA:41,1
DA:42,1
DA:43,1
DA:44,1
DA:45,1
DA:46,1
DA:47,1
DA:48,1
DA:49,1
DA:50,1
DA:51,1
DA:52,20041
DA:53,20041
DA:54,1
DA:55,1
LF:55
LH:55
BRDA:27,0,0,46840
BRDA:39,1,0,3260
BRDA:51,2,0,20041
BRF:3
BRH:3
end_of_record
TN:
SF:tax_calculators/au/2020_2021/index.ts
FN:5,au_fy2020_2021
FN:19,BracketTaxCalculator
FN:70,AnnualIncomeTaxCalculator
FNF:3
FNH:3
FNDA:2,au_fy2020_2021
FNDA:50105,BracketTaxCalculator
FNDA:10021,AnnualIncomeTaxCalculator
DA:1,1
DA:2,1
DA:3,1
DA:4,1
DA:5,1
DA:6,2
DA:7,2
DA:8,2
DA:9,2
DA:10,2
DA:11,2
DA:12,2
DA:13,2
DA:14,2
DA:15,2
DA:16,2
DA:17,2
DA:18,2
DA:19,2
DA:20,50105
DA:21,50105
DA:22,50105
DA:23,5
DA:24,5
DA:25,5
DA:26,50100
DA:27,50100
DA:28,50100
DA:29,50100
DA:30,50100
DA:31,50100
DA:32,50100
DA:33,50100
DA:34,50100
DA:35,50100
DA:36,50100
DA:37,50100
DA:38,50100
DA:39,50100
DA:40,50100
DA:41,50100
DA:42,3260
DA:43,3260
DA:44,3260
DA:45,3260
DA:46,3260
DA:47,3260
DA:48,3260
DA:49,50100
DA:50,46840
DA:51,46840
DA:52,46840
DA:53,46027
DA:54,46840
DA:55,813
DA:56,813
DA:57,46840
DA:58,46840
DA:59,46840
DA:60,46840
DA:61,46840
DA:62,46840
DA:63,46840
DA:64,46840
DA:65,46840
DA:66,50105
DA:67,50105
DA:68,2
DA:69,2
DA:70,2
DA:71,10021
DA:72,10021
DA:73,10021
DA:74,10021
DA:75,50101
DA:76,50101
DA:77,50101
DA:78,50101
DA:79,50101
DA:80,50101
DA:81,50101
DA:82,50101
DA:83,50101
DA:84,50101
DA:85,50101
DA:86,50101
DA:87,10021
DA:88,10021
DA:89,10021
DA:90,10021
DA:91,10021
DA:92,2
DA:93,2
DA:94,2
DA:95,2
DA:96,2
DA:97,2
DA:98,2
DA:99,2
LF:99
LH:99
BRDA:5,0,0,2
BRDA:19,1,0,50105
BRDA:22,2,0,5
BRDA:26,3,0,50100
BRDA:41,4,0,3260
BRDA:49,5,0,46840
BRDA:52,6,0,46027
BRDA:54,7,0,813
BRDA:70,8,0,10021
BRDA:72,9,0,50105
BRDA:74,10,0,50101
BRDA:77,11,0,46840
BRDA:80,12,0,3260
BRDA:83,13,0,1
BRDA:88,14,0,50100
BRF:15
BRH:15
end_of_record
